> Task :ai:preBuild UP-TO-DATE
> Task :ai:preReleaseBuild UP-TO-DATE
> Task :common:preBuild UP-TO-DATE
> Task :common:preReleaseBuild UP-TO-DATE
> Task :common:writeReleaseAarMetadata UP-TO-DATE
> Task :ai:checkReleaseAarMetadata UP-TO-DATE
> Task :ai:mergeReleaseJniLibFolders UP-TO-DATE
> Task :ai:mergeReleaseNativeLibs NO-SOURCE
> Task :ai:stripReleaseDebugSymbols NO-SOURCE
> Task :ai:copyReleaseJniLibsProjectAndLocalJars UP-TO-DATE
> Task :ai:generateReleaseResValues UP-TO-DATE
> Task :ai:extractDeepLinksForAarRelease UP-TO-DATE
> Task :ai:checkKotlinGradlePluginConfigurationErrors SKIPPED
> Task :ai:generateReleaseResources UP-TO-DATE
> Task :ai:packageReleaseResources UP-TO-DATE
> Task :ai:processReleaseNavigationResources UP-TO-DATE
> Task :ai:parseReleaseLocalResources UP-TO-DATE
> Task :ai:generateReleaseRFile UP-TO-DATE
> Task :common:checkKotlinGradlePluginConfigurationErrors SKIPPED
> Task :common:generateReleaseResValues UP-TO-DATE
> Task :common:generateReleaseResources UP-TO-DATE
> Task :common:packageReleaseResources UP-TO-DATE
> Task :common:processReleaseNavigationResources UP-TO-DATE
> Task :common:parseReleaseLocalResources UP-TO-DATE
> Task :common:generateReleaseRFile UP-TO-DATE
> Task :common:compileReleaseKotlin UP-TO-DATE
> Task :common:javaPreCompileRelease UP-TO-DATE
> Task :common:compileReleaseJavaWithJavac NO-SOURCE
> Task :common:bundleLibCompileToJarRelease UP-TO-DATE
> Task :ai:compileReleaseKotlin UP-TO-DATE
> Task :ai:extractReleaseAnnotations UP-TO-DATE
> Task :ai:mergeReleaseShaders UP-TO-DATE
> Task :ai:compileReleaseShaders NO-SOURCE
> Task :ai:generateReleaseAssets UP-TO-DATE
> Task :ai:mergeReleaseAssets UP-TO-DATE
> Task :ai:javaPreCompileRelease UP-TO-DATE
> Task :ai:compileReleaseJavaWithJavac NO-SOURCE
> Task :ai:mergeReleaseGeneratedProguardFiles UP-TO-DATE
> Task :ai:mergeReleaseConsumerProguardFiles UP-TO-DATE
> Task :ai:prepareLintJarForPublish UP-TO-DATE
> Task :ai:prepareReleaseArtProfile UP-TO-DATE
> Task :ai:processReleaseManifest UP-TO-DATE
> Task :ai:processReleaseJavaRes UP-TO-DATE
> Task :ai:mergeReleaseJavaResource UP-TO-DATE
> Task :ai:syncReleaseLibJars UP-TO-DATE
> Task :ai:writeReleaseAarMetadata UP-TO-DATE
> Task :ai:bundleReleaseAar UP-TO-DATE
> Task :ai:mapReleaseSourceSetPaths UP-TO-DATE
> Task :ai:mergeReleaseResources UP-TO-DATE
> Task :common:compileReleaseLibraryResources UP-TO-DATE
> Task :ai:verifyReleaseResources UP-TO-DATE
> Task :ai:assembleRelease UP-TO-DATE
> Task :ai:copyReleaseJniLibsProjectOnly UP-TO-DATE
> Task :app:preBuild UP-TO-DATE
> Task :app:preReleaseBuild UP-TO-DATE
> Task :app:mergeReleaseJniLibFolders UP-TO-DATE
> Task :common:mergeReleaseJniLibFolders UP-TO-DATE
> Task :common:mergeReleaseNativeLibs NO-SOURCE
> Task :common:copyReleaseJniLibsProjectOnly UP-TO-DATE
> Task :document:preBuild UP-TO-DATE
> Task :document:preReleaseBuild UP-TO-DATE
> Task :document:mergeReleaseJniLibFolders UP-TO-DATE
> Task :document:mergeReleaseNativeLibs UP-TO-DATE
> Task :document:copyReleaseJniLibsProjectOnly UP-TO-DATE
> Task :highlight:preBuild UP-TO-DATE
> Task :highlight:preReleaseBuild UP-TO-DATE
> Task :highlight:mergeReleaseJniLibFolders UP-TO-DATE
> Task :highlight:mergeReleaseNativeLibs NO-SOURCE
> Task :highlight:copyReleaseJniLibsProjectOnly UP-TO-DATE
> Task :search:preBuild UP-TO-DATE
> Task :search:preReleaseBuild UP-TO-DATE
> Task :search:mergeReleaseJniLibFolders UP-TO-DATE
> Task :search:mergeReleaseNativeLibs NO-SOURCE
> Task :search:copyReleaseJniLibsProjectOnly UP-TO-DATE
> Task :tts:preBuild UP-TO-DATE
> Task :tts:preReleaseBuild UP-TO-DATE
> Task :tts:mergeReleaseJniLibFolders UP-TO-DATE
> Task :tts:mergeReleaseNativeLibs NO-SOURCE
> Task :tts:copyReleaseJniLibsProjectOnly UP-TO-DATE
> Task :app:mergeReleaseNativeLibs UP-TO-DATE
> Task :app:stripReleaseDebugSymbols UP-TO-DATE
> Task :app:extractReleaseNativeSymbolTables UP-TO-DATE
> Task :app:mergeReleaseNativeDebugMetadata NO-SOURCE
> Task :ai:bundleLibCompileToJarRelease UP-TO-DATE
> Task :search:checkKotlinGradlePluginConfigurationErrors SKIPPED
> Task :search:generateReleaseResValues UP-TO-DATE
> Task :search:generateReleaseResources UP-TO-DATE
> Task :search:packageReleaseResources UP-TO-DATE
> Task :search:processReleaseNavigationResources UP-TO-DATE
> Task :search:parseReleaseLocalResources UP-TO-DATE
> Task :search:generateReleaseRFile UP-TO-DATE
> Task :search:compileReleaseKotlin UP-TO-DATE
> Task :search:javaPreCompileRelease UP-TO-DATE
> Task :search:compileReleaseJavaWithJavac NO-SOURCE
> Task :search:mergeReleaseGeneratedProguardFiles UP-TO-DATE
> Task :search:exportReleaseConsumerProguardFiles UP-TO-DATE
> Task :ai:exportReleaseConsumerProguardFiles UP-TO-DATE
> Task :document:checkKotlinGradlePluginConfigurationErrors SKIPPED
> Task :document:generateReleaseResValues UP-TO-DATE
> Task :document:generateReleaseResources UP-TO-DATE
> Task :document:packageReleaseResources UP-TO-DATE
> Task :document:processReleaseNavigationResources UP-TO-DATE
> Task :document:parseReleaseLocalResources UP-TO-DATE
> Task :document:generateReleaseRFile UP-TO-DATE
> Task :document:compileReleaseKotlin UP-TO-DATE
> Task :document:javaPreCompileRelease UP-TO-DATE
> Task :document:compileReleaseJavaWithJavac UP-TO-DATE
> Task :document:mergeReleaseGeneratedProguardFiles UP-TO-DATE
> Task :document:exportReleaseConsumerProguardFiles UP-TO-DATE
> Task :highlight:checkKotlinGradlePluginConfigurationErrors SKIPPED
> Task :highlight:generateReleaseResValues UP-TO-DATE
> Task :highlight:generateReleaseResources UP-TO-DATE
> Task :highlight:packageReleaseResources UP-TO-DATE
> Task :highlight:processReleaseNavigationResources UP-TO-DATE
> Task :highlight:parseReleaseLocalResources UP-TO-DATE
> Task :highlight:generateReleaseRFile UP-TO-DATE
> Task :highlight:compileReleaseKotlin UP-TO-DATE
> Task :highlight:javaPreCompileRelease UP-TO-DATE
> Task :highlight:compileReleaseJavaWithJavac NO-SOURCE
> Task :highlight:mergeReleaseGeneratedProguardFiles UP-TO-DATE
> Task :highlight:exportReleaseConsumerProguardFiles UP-TO-DATE
> Task :tts:checkKotlinGradlePluginConfigurationErrors SKIPPED
> Task :tts:generateReleaseResValues UP-TO-DATE
> Task :tts:generateReleaseResources UP-TO-DATE
> Task :tts:packageReleaseResources UP-TO-DATE
> Task :tts:processReleaseNavigationResources UP-TO-DATE
Terminate batch job (Y/N)? Terminate batch job (Y/N)? 
^C